
> food-management-system@1.0.0 build
> next build

  Ôû▓ Next.js 14.2.18
  - Environments: .env.local

   Creating an optimized production build ...
 Ô£ô Compiled successfully
   Linting and checking validity of types ...
node.exe : Failed to compile.
No linha:1 caractere:1
+ & "C:\Program Files\nodejs/node.exe" "C:\Program Files\nodejs/node_mo ...
+ ~~~~~~~~~~~~~~~~~~~~~~~~~~~~~~~~~~~~~~~~~~~~~~~~~~~~~~~~~~~~~~~~~~~~~
    + CategoryInfo          : NotSpecified: (Failed to compile.:String) [], RemoteException
    + FullyQualifiedErrorId : NativeCommandError
 

./_BACKUP_ZUMBIS/src/app/[slug]/checkout/schemas/checkoutValidation.ts:1:53
Type error: Cannot find module '../types' or its corresponding type declarations.

[0m[31m[1m>[22m[39m[90m 1 |[39m [36mimport[39m type { [33mCheckoutFormData[39m[33m,[39m [33mCheckoutMode[39m } [36mfrom[39m 
[32m'../types'[39m[0m
[0m [90m   |[39m                                                     [31m[1m^[22m[39m[0m
[0m [90m 2 |[39m[0m
[0m [90m 3 |[39m [36mexport[39m [36minterface[39m [33mValidationResult[39m {[0m
[0m [90m 4 |[39m   isValid[33m:[39m boolean[0m
